<?xml version="1.0" encoding="UTF-8"?>
<testng-results ignored="0" total="0" passed="0" failed="0" skipped="0">
  <reporter-output>
  </reporter-output>
  <suite started-at="2023-08-09T07:40:35 UTC" name="Surefire suite" finished-at="2023-08-09T07:40:54 UTC" duration-ms="18513">
    <groups>
    </groups>
    <test started-at="2023-08-09T07:40:35 UTC" name="Surefire test" finished-at="2023-08-09T07:40:54 UTC" duration-ms="18513">
      <class name="com.examly.springapp.SpringApplicationTests">
        <test-method is-config="true" signature="beforeTest()[pri:0, instance:com.examly.springapp.SpringApplicationTests@35047d03]" started-at="2023-08-09T07:40:35 UTC" name="beforeTest" finished-at="2023-08-09T07:40:54 UTC" duration-ms="18097" status="PASS">
          <reporter-output>
          </reporter-output>
        </test-method> <!-- beforeTest -->
        <test-method is-config="true" signature="afterTest()[pri:0, instance:com.examly.springapp.SpringApplicationTests@35047d03]" started-at="2023-08-09T07:40:54 UTC" name="afterTest" finished-at="2023-08-09T07:40:54 UTC" duration-ms="355" status="PASS">
          <reporter-output>
          </reporter-output>
        </test-method> <!-- afterTest -->
      </class> <!-- com.examly.springapp.SpringApplicationTests -->
    </test> <!-- Surefire test -->
  </suite> <!-- Surefire suite -->
</testng-results>
